<?xml version="1.0" encoding="UTF-8"?>
<!-- Generated by org.testng.reporters.JUnitXMLReporter -->
<testsuite ignored="0" hostname="exe0028" failures="0" tests="2" name="Default test" time="27.32" errors="0" timestamp="2022-06-20T16:14:30 IST">
  <testcase classname="com.truepush.qa.testcases.RegistrationPageTest" name="validateRegistration" time="1.895"/>
  <testcase classname="com.truepush.qa.testcases.RegistrationPageTest" name="validateNewProject" time="17.872"/>
</testsuite> <!-- Default test -->
