<?xml version="1.0" encoding="UTF-8"?>
<!-- Generated by org.testng.reporters.JUnitXMLReporter -->
<testsuite ignored="5" hostname="exe0028" failures="0" tests="1" name="Default test" time="16.053" errors="0" timestamp="2022-07-07T15:24:55 IST">
  <testcase classname="com.truepush.qa.testcases.LoginTest" name="validateForgotPasswordLinkTest" time="9.762"/>
  <testcase classname="com.truepush.qa.testcases.LoginTest" name="validateLoginWithInvalidEmailTest" time="0.0">
    <ignored/>
  </testcase> <!-- validateLoginWithInvalidEmailTest -->
  <testcase classname="com.truepush.qa.testcases.LoginTest" name="validateLoginWithInvalidDataTest" time="0.0">
    <ignored/>
  </testcase> <!-- validateLoginWithInvalidDataTest -->
  <testcase classname="com.truepush.qa.testcases.LoginTest" name="validateLoginWithInvalidPasswordTest" time="0.0">
    <ignored/>
  </testcase> <!-- validateLoginWithInvalidPasswordTest -->
  <testcase classname="com.truepush.qa.testcases.LoginTest" name="validateLoginWithBlankDataTest" time="0.0">
    <ignored/>
  </testcase> <!-- validateLoginWithBlankDataTest -->
  <testcase classname="com.truepush.qa.testcases.LoginTest" name="validateLoginTest" time="0.0">
    <ignored/>
  </testcase> <!-- validateLoginTest -->
</testsuite> <!-- Default test -->
