<?xml version="1.0" encoding="UTF-8"?>
<!-- Generated by org.testng.reporters.JUnitXMLReporter -->
<testsuite ignored="2" hostname="exe0028" failures="0" tests="4" name="Truepush SegmentPage" time="39.434" errors="0" timestamp="2022-04-25T11:54:20 IST">
  <testcase classname="com.truepush.qa.testcases.SegmentsTest" name="validateSegmentCreationDDTTest" time="1.27"/>
  <testcase classname="com.truepush.qa.testcases.SegmentsTest" name="validateSegmentCreationDDTTest" time="1.321"/>
  <testcase classname="com.truepush.qa.testcases.SegmentsTest" name="validateSegmentCreationDDTTest" time="1.449"/>
  <testcase classname="com.truepush.qa.testcases.SegmentsTest" name="validateSegmentCreationDDTTest" time="1.386"/>
  <testcase classname="com.truepush.qa.testcases.SegmentsTest" name="validateSegmentEditFeatureTest" time="0.0">
    <ignored/>
  </testcase> <!-- validateSegmentEditFeatureTest -->
  <testcase classname="com.truepush.qa.testcases.SegmentsTest" name="validateSegmentCreationTest" time="0.0">
    <ignored/>
  </testcase> <!-- validateSegmentCreationTest -->
</testsuite> <!-- Truepush SegmentPage -->
