<?xml version="1.0" encoding="UTF-8"?>
<!-- Generated by org.testng.reporters.JUnitXMLReporter -->
<testsuite ignored="1" hostname="exe0028" failures="0" tests="5" name="Truepush Triggers" time="39.066" errors="0" timestamp="2022-06-13T10:30:08 IST">
  <testcase classname="com.truepush.qa.testcases.TriggerTest" name="validateCreateTriggerTest" time="1.827"/>
  <testcase classname="com.truepush.qa.testcases.TriggerTest" name="validateCreateTriggerDDTTest" time="1.56"/>
  <testcase classname="com.truepush.qa.testcases.TriggerTest" name="validateCreateTriggerDDTTest" time="1.43"/>
  <testcase classname="com.truepush.qa.testcases.TriggerTest" name="validateCreateTriggerDDTTest" time="1.527"/>
  <testcase classname="com.truepush.qa.testcases.TriggerTest" name="validateCreateTriggerDDTTest" time="1.672"/>
  <testcase classname="com.truepush.qa.testcases.TriggerTest" name="editTriggerTest" time="0.0">
    <ignored/>
  </testcase> <!-- editTriggerTest -->
</testsuite> <!-- Truepush Triggers -->
