<?xml version="1.0" encoding="UTF-8"?>
<!-- Generated by org.testng.reporters.JUnitXMLReporter -->
<testsuite ignored="0" hostname="exe0028" failures="0" tests="12" name="Truepush Settings" time="88.509" errors="0" timestamp="2022-06-13T10:32:38 IST">
  <testcase classname="com.truepush.qa.testcases.SettingsTest" name="validateGDPRTest" time="0.241"/>
  <testcase classname="com.truepush.qa.testcases.SettingsTest" name="validateRestAPIKeyTest" time="0.823"/>
  <testcase classname="com.truepush.qa.testcases.SettingsTest" name="validateAPPIdTest" time="0.142"/>
  <testcase classname="com.truepush.qa.testcases.SettingsTest" name="validateRegnerateTokenTest" time="0.739"/>
  <testcase classname="com.truepush.qa.testcases.SettingsTest" name="validateMaxmimumNotificaionsInputBoxTest" time="0.355"/>
  <testcase classname="com.truepush.qa.testcases.SettingsTest" name="validateSettingsPageTest" time="0.518"/>
  <testcase classname="com.truepush.qa.testcases.SettingsTest" name="validateDocumentationLinkTest" time="8.193"/>
  <testcase classname="com.truepush.qa.testcases.SettingsTest" name="validateProjecticonTest" time="5.293"/>
  <testcase classname="com.truepush.qa.testcases.SettingsTest" name="validateOptinStyleTest" time="0.593"/>
  <testcase classname="com.truepush.qa.testcases.SettingsTest" name="validateOptinContentTest" time="1.001"/>
  <testcase classname="com.truepush.qa.testcases.SettingsTest" name="validateWelcomenotificationTest" time="0.937"/>
  <testcase classname="com.truepush.qa.testcases.SettingsTest" name="validateDefaultSettingsTest" time="0.714"/>
</testsuite> <!-- Truepush Settings -->
