<?xml version="1.0" encoding="UTF-8"?>
<!-- Generated by org.testng.reporters.JUnitXMLReporter -->
<testsuite ignored="0" hostname="exe0028" failures="0" tests="8" name="Truepush Subscribers" time="40.337" errors="0" timestamp="2022-06-13T10:30:49 IST">
  <testcase classname="com.truepush.qa.testcases.SubscribersTest" name="validateCategoryWiseStatsTest" time="0.18"/>
  <testcase classname="com.truepush.qa.testcases.SubscribersTest" name="validateBrowsersWiseSubscribersTest" time="0.806"/>
  <testcase classname="com.truepush.qa.testcases.SubscribersTest" name="validatePlatformWiseSubscribersTest" time="0.228"/>
  <testcase classname="com.truepush.qa.testcases.SubscribersTest" name="validateCountryWiseSubscribersTest" time="0.245"/>
  <testcase classname="com.truepush.qa.testcases.SubscribersTest" name="validateSubscribersIdTest" time="0.324"/>
  <testcase classname="com.truepush.qa.testcases.SubscribersTest" name="validateSubscribersDateRangeTest" time="0.454"/>
  <testcase classname="com.truepush.qa.testcases.SubscribersTest" name="validateSubscribersStatusTest" time="1.14"/>
  <testcase classname="com.truepush.qa.testcases.SubscribersTest" name="validateTestUsersTest" time="0.147"/>
</testsuite> <!-- Truepush Subscribers -->
