<?xml version="1.0" encoding="UTF-8"?>
<!-- Generated by org.testng.reporters.JUnitXMLReporter -->
<testsuite ignored="1" hostname="exe0028" failures="0" tests="5" name="Truepush Triggers" time="41.96" errors="0" timestamp="2022-04-30T15:14:59 IST">
  <testcase classname="com.truepush.qa.testcases.TriggerTest" name="createTriggerTest" time="1.411"/>
  <testcase classname="com.truepush.qa.testcases.TriggerTest" name="createTriggerDDTTest" time="1.72"/>
  <testcase classname="com.truepush.qa.testcases.TriggerTest" name="createTriggerDDTTest" time="2.817"/>
  <testcase classname="com.truepush.qa.testcases.TriggerTest" name="createTriggerDDTTest" time="2.26"/>
  <testcase classname="com.truepush.qa.testcases.TriggerTest" name="createTriggerDDTTest" time="1.858"/>
  <testcase classname="com.truepush.qa.testcases.TriggerTest" name="editTriggerTest" time="0.0">
    <ignored/>
  </testcase> <!-- editTriggerTest -->
</testsuite> <!-- Truepush Triggers -->
