<?xml version="1.0" encoding="UTF-8"?>
<!-- Generated by org.testng.reporters.JUnitXMLReporter -->
<testsuite ignored="0" hostname="exe0028" failures="0" tests="6" name="Truepush Dashboard" time="63.198" errors="0" timestamp="2022-04-30T15:09:42 IST">
  <testcase classname="com.truepush.qa.testcases.DashboardTest" name="verifyRefreshicon" time="0.102"/>
  <testcase classname="com.truepush.qa.testcases.DashboardTest" name="verifyWeeklyStatus" time="0.126"/>
  <testcase classname="com.truepush.qa.testcases.DashboardTest" name="verifyallcampaignslink" time="0.089"/>
  <testcase classname="com.truepush.qa.testcases.DashboardTest" name="verifylast2daysstats" time="0.118"/>
  <testcase classname="com.truepush.qa.testcases.DashboardTest" name="verifylast5campaigns" time="0.048"/>
  <testcase classname="com.truepush.qa.testcases.DashboardTest" name="verifytotalsummary" time="0.112"/>
</testsuite> <!-- Truepush Dashboard -->
