<?xml version="1.0" encoding="UTF-8"?>
<!-- Generated by org.testng.reporters.JUnitXMLReporter -->
<testsuite ignored="0" hostname="exe0028" failures="0" tests="13" name="Truepush dashboard" time="119.874" errors="0" timestamp="2022-03-31T12:14:27 IST">
  <testcase classname="com.truepush.qa.testcases.DashboardTest" name="verifyCampaignPageLink" time="0.097"/>
  <testcase classname="com.truepush.qa.testcases.DashboardTest" name="verifyFeedbackPageLink" time="0.139"/>
  <testcase classname="com.truepush.qa.testcases.DashboardTest" name="verifyProfileiconPageLink" time="0.11"/>
  <testcase classname="com.truepush.qa.testcases.DashboardTest" name="verifyRSSPageLink" time="0.086"/>
  <testcase classname="com.truepush.qa.testcases.DashboardTest" name="verifySegmentsPageLink" time="0.087"/>
  <testcase classname="com.truepush.qa.testcases.DashboardTest" name="verifyTemplatesPageLink" time="0.081"/>
  <testcase classname="com.truepush.qa.testcases.DashboardTest" name="verifyTriggersPageLink" time="0.529"/>
  <testcase classname="com.truepush.qa.testcases.DashboardTest" name="verifySubscribersPageLink" time="0.104"/>
  <testcase classname="com.truepush.qa.testcases.DashboardTest" name="verifyCodeIntegrationPageLink" time="0.085"/>
  <testcase classname="com.truepush.qa.testcases.DashboardTest" name="verifySettingsPageLink" time="0.081"/>
  <testcase classname="com.truepush.qa.testcases.DashboardTest" name="verifyPricingPageLink" time="0.086"/>
  <testcase classname="com.truepush.qa.testcases.DashboardTest" name="verifyWeeklyStatus" time="0.06"/>
  <testcase classname="com.truepush.qa.testcases.DashboardTest" name="verfiyTruepushLogo" time="0.048"/>
</testsuite> <!-- Truepush dashboard -->
