<?xml version="1.0" encoding="UTF-8"?>
<!-- Generated by org.testng.reporters.JUnitXMLReporter -->
<testsuite ignored="0" hostname="exe0028" failures="0" tests="6" name="Truepush Dashboard" time="56.804" errors="0" timestamp="2022-06-13T10:25:39 IST">
  <testcase classname="com.truepush.qa.testcases.DashboardTest" name="verifyRefreshiconTest" time="0.087"/>
  <testcase classname="com.truepush.qa.testcases.DashboardTest" name="verifyWeeklyStatusTest" time="0.099"/>
  <testcase classname="com.truepush.qa.testcases.DashboardTest" name="verifyallcampaignslinkTest" time="0.085"/>
  <testcase classname="com.truepush.qa.testcases.DashboardTest" name="verifylast2daysstatsTest" time="0.049"/>
  <testcase classname="com.truepush.qa.testcases.DashboardTest" name="verifylast5campaignsTest" time="0.051"/>
  <testcase classname="com.truepush.qa.testcases.DashboardTest" name="verifytotalsummaryTest" time="0.053"/>
</testsuite> <!-- Truepush Dashboard -->
