<?xml version="1.0" encoding="UTF-8"?>
<!-- Generated by org.testng.reporters.JUnitXMLReporter -->
<testsuite ignored="0" hostname="exe0028" failures="0" tests="2" name="truepush Registration" time="24.577" errors="0" timestamp="2022-04-30T14:35:23 IST">
  <testcase classname="com.truepush.qa.testcases.RegistrationPageTest" name="validateRegistration" time="1.653"/>
  <testcase classname="com.truepush.qa.testcases.RegistrationPageTest" name="validateNewProject" time="16.339"/>
</testsuite> <!-- truepush Registration -->
