<?xml version="1.0" encoding="UTF-8"?>
<!-- Generated by org.testng.reporters.JUnitXMLReporter -->
<testsuite ignored="2" hostname="exe0028" failures="0" tests="1" name="Truepush Triggers" time="11.225" errors="0" timestamp="2022-06-27T14:47:43 IST">
  <testcase classname="com.truepush.qa.testcases.TriggerTest" name="editTriggerTest" time="3.85"/>
  <testcase classname="com.truepush.qa.testcases.TriggerTest" name="validateCreateTriggerDDTTest" time="0.0">
    <ignored/>
  </testcase> <!-- validateCreateTriggerDDTTest -->
  <testcase classname="com.truepush.qa.testcases.TriggerTest" name="validateCreateTriggerTest" time="0.0">
    <ignored/>
  </testcase> <!-- validateCreateTriggerTest -->
</testsuite> <!-- Truepush Triggers -->
