<?xml version="1.0" encoding="UTF-8"?>
<!-- Generated by org.testng.reporters.JUnitXMLReporter -->
<testsuite ignored="0" hostname="exe0028" failures="0" tests="8" name="Truepush Pricing" time="42.325" errors="0" timestamp="2022-05-12T14:47:11 IST">
  <testcase classname="com.truepush.qa.testcases.PricingTest" name="validateAllProjectPricingTest" time="0.104"/>
  <testcase classname="com.truepush.qa.testcases.PricingTest" name="validateAllProjectSubscribersTest" time="0.124"/>
  <testcase classname="com.truepush.qa.testcases.PricingTest" name="validateAllProjectTest" time="0.133"/>
  <testcase classname="com.truepush.qa.testcases.PricingTest" name="validateCurrentProjectPricingTest" time="0.129"/>
  <testcase classname="com.truepush.qa.testcases.PricingTest" name="validateCurrentProjectSubscribersTest" time="0.108"/>
  <testcase classname="com.truepush.qa.testcases.PricingTest" name="validateCurrentProjectTest" time="0.119"/>
  <testcase classname="com.truepush.qa.testcases.PricingTest" name="validatePaymentOverviewTest" time="0.373"/>
  <testcase classname="com.truepush.qa.testcases.PricingTest" name="validatePaymentTest" time="0.326"/>
</testsuite> <!-- Truepush Pricing -->
