<?xml version="1.0" encoding="UTF-8"?>
<!-- Generated by org.testng.reporters.JUnitXMLReporter -->
<testsuite ignored="0" hostname="exe0028" failures="0" tests="8" name="Truepush Pricing" time="41.415" errors="0" timestamp="2022-04-30T15:19:31 IST">
  <testcase classname="com.truepush.qa.testcases.PricingTest" name="validateAllProjectPricingTest" time="0.096"/>
  <testcase classname="com.truepush.qa.testcases.PricingTest" name="validateAllProjectSubscribersTest" time="0.135"/>
  <testcase classname="com.truepush.qa.testcases.PricingTest" name="validateAllProjectTest" time="0.113"/>
  <testcase classname="com.truepush.qa.testcases.PricingTest" name="validateCurrentProjectPricingTest" time="0.104"/>
  <testcase classname="com.truepush.qa.testcases.PricingTest" name="validateCurrentProjectSubscribersTest" time="0.106"/>
  <testcase classname="com.truepush.qa.testcases.PricingTest" name="validateCurrentProjectTest" time="0.113"/>
  <testcase classname="com.truepush.qa.testcases.PricingTest" name="validatePaymentOverviewTest" time="0.325"/>
  <testcase classname="com.truepush.qa.testcases.PricingTest" name="validatePaymentTest" time="0.324"/>
</testsuite> <!-- Truepush Pricing -->
