<?xml version="1.0" encoding="UTF-8"?>
<!-- Generated by org.testng.reporters.JUnitXMLReporter -->
<testsuite ignored="0" hostname="exe0028" failures="0" tests="8" name="Truepush Campaigns" time="35.972" errors="0" timestamp="2022-06-13T10:26:15 IST">
  <testcase classname="com.truepush.qa.testcases.CampaignpageTest" name="@BeforeMethod setup" time="13.735">
    <failure type="org.openqa.selenium.ElementClickInterceptedException" message="element click intercepted: Element &amp;lt;a _ngcontent-pgu-c78=&amp;quot;&amp;quot; routerlinkactive=&amp;quot;active&amp;quot; routerlink=&amp;quot;/user&amp;quot; href=&amp;quot;/user&amp;quot;&amp;gt;...&amp;lt;/a&amp;gt; is not clickable at point (120, 134). Other element would receive the click: &amp;lt;a _ngcontent-pgu-c78=&amp;quot;&amp;quot; routerlinkactive=&amp;quot;active&amp;quot; routerlink=&amp;quot;/user&amp;quot; href=&amp;quot;/user&amp;quot;&amp;gt;...&amp;lt;/a&amp;gt;
  (Session info: chrome=102.0.5005.61)
Build info: version: &amp;apos;3.141.59&amp;apos;, revision: &amp;apos;e82be7d358&amp;apos;, time: &amp;apos;2018-11-14T08:17:03&amp;apos;
System info: host: &amp;apos;exe0028&amp;apos;, ip: &amp;apos;127.0.1.1&amp;apos;, os.name: &amp;apos;Linux&amp;apos;, os.arch: &amp;apos;amd64&amp;apos;, os.version: &amp;apos;5.4.0-113-generic&amp;apos;, java.version: &amp;apos;11.0.15&amp;apos;
Driver info: org.openqa.selenium.chrome.ChromeDriver
Capabilities {acceptInsecureCerts: false, browserName: chrome, browserVersion: 102.0.5005.61, chrome: {chromedriverVersion: 101.0.4951.15 (0dcf182bd388..., userDataDir: /tmp/.com.google.Chrome.n33uTY}, goog:chromeOptions: {debuggerAddress: localhost:40525}, javascriptEnabled: true, networkConnectionEnabled: false, pageLoadStrategy: normal, platform: LINUX, platformName: LINUX, proxy: Proxy(), setWindowRect: true, strictFileInteractability: false, timeouts: {implicit: 0, pageLoad: 300000, script: 30000}, unhandledPromptBehavior: dismiss and notify, webauthn:extension:credBlob: true, webauthn:extension:largeBlob: true, webauthn:virtualAuthenticators: true}
Session ID: fad9c41974c83d1da304bb6a9a4c76b8">
      <![CDATA[org.openqa.selenium.ElementClickInterceptedException: element click intercepted: Element <a _ngcontent-pgu-c78="" routerlinkactive="active" routerlink="/user" href="/user">...</a> is not clickable at point (120, 134). Other element would receive the click: <a _ngcontent-pgu-c78="" routerlinkactive="active" routerlink="/user" href="/user">...</a>
  (Session info: chrome=102.0.5005.61)
Build info: version: '3.141.59', revision: 'e82be7d358', time: '2018-11-14T08:17:03'
System info: host: 'exe0028', ip: '127.0.1.1', os.name: 'Linux', os.arch: 'amd64', os.version: '5.4.0-113-generic', java.version: '11.0.15'
Driver info: org.openqa.selenium.chrome.ChromeDriver
Capabilities {acceptInsecureCerts: false, browserName: chrome, browserVersion: 102.0.5005.61, chrome: {chromedriverVersion: 101.0.4951.15 (0dcf182bd388..., userDataDir: /tmp/.com.google.Chrome.n33uTY}, goog:chromeOptions: {debuggerAddress: localhost:40525}, javascriptEnabled: true, networkConnectionEnabled: false, pageLoadStrategy: normal, platform: LINUX, platformName: LINUX, proxy: Proxy(), setWindowRect: true, strictFileInteractability: false, timeouts: {implicit: 0, pageLoad: 300000, script: 30000}, unhandledPromptBehavior: dismiss and notify, webauthn:extension:credBlob: true, webauthn:extension:largeBlob: true, webauthn:virtualAuthenticators: true}
Session ID: fad9c41974c83d1da304bb6a9a4c76b8
at org.openqa.selenium.remote.http.W3CHttpResponseCodec.createException(W3CHttpResponseCodec.java:187)
at org.openqa.selenium.remote.http.W3CHttpResponseCodec.decode(W3CHttpResponseCodec.java:122)
at org.openqa.selenium.remote.http.W3CHttpResponseCodec.decode(W3CHttpResponseCodec.java:49)
at org.openqa.selenium.remote.HttpCommandExecutor.execute(HttpCommandExecutor.java:158)
at org.openqa.selenium.remote.service.DriverCommandExecutor.execute(DriverCommandExecutor.java:83)
at org.openqa.selenium.remote.RemoteWebDriver.execute(RemoteWebDriver.java:552)
at org.openqa.selenium.remote.RemoteWebElement.execute(RemoteWebElement.java:285)
at org.openqa.selenium.remote.RemoteWebElement.click(RemoteWebElement.java:84)
at org.openqa.selenium.support.events.EventFiringWebDriver$EventFiringWebElement.lambda$new$0(EventFiringWebDriver.java:404)
at com.sun.proxy.$Proxy22.click(Unknown Source)
at org.openqa.selenium.support.events.EventFiringWebDriver$EventFiringWebElement.click(EventFiringWebDriver.java:417)
at org.openqa.selenium.support.pagefactory.internal.LocatingElementHandler.invoke(LocatingElementHandler.java:51)
at com.sun.proxy.$Proxy19.click(Unknown Source)
at com.qa.truepush.pages.Maininterface.clickoncampaignlink(Maininterface.java:220)
at com.truepush.qa.testcases.CampaignpageTest.setup(CampaignpageTest.java:67)
at java.base/java.util.ArrayList.forEach(ArrayList.java:1541)
... Removed 41 stack frames]]>
    </failure>
  </testcase> <!-- @BeforeMethod setup -->
  <testcase classname="com.truepush.qa.testcases.CampaignpageTest" name="@AfterMethod tearDown" time="-1.655096175799E9">
    <skipped/>
  </testcase> <!-- @AfterMethod tearDown -->
  <testcase classname="com.truepush.qa.testcases.CampaignpageTest" name="@BeforeMethod setup" time="-1.655096175801E9">
    <skipped/>
  </testcase> <!-- @BeforeMethod setup -->
  <testcase classname="com.truepush.qa.testcases.CampaignpageTest" name="@AfterMethod tearDown" time="-1.655096175807E9">
    <skipped/>
  </testcase> <!-- @AfterMethod tearDown -->
  <testcase classname="com.truepush.qa.testcases.CampaignpageTest" name="@BeforeMethod setup" time="-1.65509617581E9">
    <skipped/>
  </testcase> <!-- @BeforeMethod setup -->
  <testcase classname="com.truepush.qa.testcases.CampaignpageTest" name="@AfterMethod tearDown" time="-1.655096175815E9">
    <skipped/>
  </testcase> <!-- @AfterMethod tearDown -->
  <testcase classname="com.truepush.qa.testcases.CampaignpageTest" name="@BeforeMethod setup" time="-1.655096175817E9">
    <skipped/>
  </testcase> <!-- @BeforeMethod setup -->
  <testcase classname="com.truepush.qa.testcases.CampaignpageTest" name="@AfterMethod tearDown" time="-1.65509617582E9">
    <skipped/>
  </testcase> <!-- @AfterMethod tearDown -->
  <testcase classname="com.truepush.qa.testcases.CampaignpageTest" name="@BeforeMethod setup" time="-1.655096175822E9">
    <skipped/>
  </testcase> <!-- @BeforeMethod setup -->
  <testcase classname="com.truepush.qa.testcases.CampaignpageTest" name="@AfterMethod tearDown" time="-1.655096175826E9">
    <skipped/>
  </testcase> <!-- @AfterMethod tearDown -->
  <testcase classname="com.truepush.qa.testbase.TestBase" name="@AfterTest endreport" time="-1.655096175832E9">
    <skipped/>
  </testcase> <!-- @AfterTest endreport -->
  <testcase classname="com.truepush.qa.testcases.CampaignpageTest" name="validateCreateCampaignsDTTTest" time="0.944"/>
  <testcase classname="com.truepush.qa.testcases.CampaignpageTest" name="validateCreateCampaignsDTTTest" time="0.852"/>
  <testcase classname="com.truepush.qa.testcases.CampaignpageTest" name="validateCreateCampaignsDTTTest" time="0.883"/>
  <testcase classname="com.truepush.qa.testcases.CampaignpageTest" name="validateCreateCampaignsDTTTest" time="0.0">
    <skipped/>
  </testcase> <!-- validateCreateCampaignsDTTTest -->
  <testcase classname="com.truepush.qa.testcases.CampaignpageTest" name="validateCreateCampaignsDTTTest" time="0.0">
    <skipped/>
  </testcase> <!-- validateCreateCampaignsDTTTest -->
  <testcase classname="com.truepush.qa.testcases.CampaignpageTest" name="validateCreateCampaignTest" time="0.0">
    <skipped/>
  </testcase> <!-- validateCreateCampaignTest -->
  <testcase classname="com.truepush.qa.testcases.CampaignpageTest" name="validateAdvancedCampaignTest" time="0.0">
    <skipped/>
  </testcase> <!-- validateAdvancedCampaignTest -->
  <testcase classname="com.truepush.qa.testcases.CampaignpageTest" name="validateTruepushLogoTest" time="0.0">
    <skipped/>
  </testcase> <!-- validateTruepushLogoTest -->
</testsuite> <!-- Truepush Campaigns -->
