<?xml version="1.0" encoding="UTF-8"?>
<!-- Generated by org.testng.reporters.JUnitXMLReporter -->
<testsuite ignored="0" hostname="exe0028" failures="0" tests="5" name="Truepush projectlist" time="38.56" errors="0" timestamp="2022-03-31T12:12:27 IST">
  <testcase classname="com.truepush.qa.testcases.ProjectPageTest" name="VerifyprojectLink" time="0.109"/>
  <testcase classname="com.truepush.qa.testcases.ProjectPageTest" name="Verifyproject2link" time="0.08"/>
  <testcase classname="com.truepush.qa.testcases.ProjectPageTest" name="VerifyUsersLink" time="0.104"/>
  <testcase classname="com.truepush.qa.testcases.ProjectPageTest" name="VerifyNewProject" time="0.127"/>
  <testcase classname="com.truepush.qa.testcases.ProjectPageTest" name="Verifyprofile" time="0.092"/>
</testsuite> <!-- Truepush projectlist -->
