<?xml version="1.0" encoding="UTF-8"?>
<!-- Generated by org.testng.reporters.JUnitXMLReporter -->
<testsuite ignored="0" hostname="exe0028" failures="0" tests="6" name="Truepush testcases" time="32.143" errors="0" timestamp="2022-03-22T18:31:02 IST">
  <testcase classname="com.truepush.qa.testcases.LoginTest" name="ValidateLogin" time="0.357"/>
  <testcase classname="com.truepush.qa.testcases.ProjectPageTest" name="VerifyprojectLink" time="0.117"/>
  <testcase classname="com.truepush.qa.testcases.ProjectPageTest" name="Verifyproject2link" time="0.093"/>
  <testcase classname="com.truepush.qa.testcases.ProjectPageTest" name="VerifyUsersLink" time="0.143"/>
  <testcase classname="com.truepush.qa.testcases.ProjectPageTest" name="VerifyNewProject" time="0.161"/>
  <testcase classname="com.truepush.qa.testcases.ProjectPageTest" name="Verifyprofile" time="0.08"/>
</testsuite> <!-- Truepush testcases -->
