<?xml version="1.0" encoding="UTF-8"?>
<!-- Generated by org.testng.reporters.JUnitXMLReporter -->
<testsuite ignored="0" hostname="exe0028" failures="0" tests="6" name="Truepush Dashboard" time="50.059" errors="0" timestamp="2022-05-12T14:37:04 IST">
  <testcase classname="com.truepush.qa.testcases.DashboardTest" name="verifyRefreshicon" time="0.121"/>
  <testcase classname="com.truepush.qa.testcases.DashboardTest" name="verifyWeeklyStatus" time="0.06"/>
  <testcase classname="com.truepush.qa.testcases.DashboardTest" name="verifyallcampaignslink" time="0.101"/>
  <testcase classname="com.truepush.qa.testcases.DashboardTest" name="verifylast2daysstats" time="0.063"/>
  <testcase classname="com.truepush.qa.testcases.DashboardTest" name="verifylast5campaigns" time="0.102"/>
  <testcase classname="com.truepush.qa.testcases.DashboardTest" name="verifytotalsummary" time="0.061"/>
</testsuite> <!-- Truepush Dashboard -->
