<?xml version="1.0" encoding="UTF-8"?>
<!-- Generated by org.testng.reporters.JUnitXMLReporter -->
<testsuite ignored="3" hostname="exe0028" failures="0" tests="0" time="0.042" errors="0" timestamp="2022-06-27T14:47:09 IST">
  <testcase classname="com.truepush.qa.testcases.RSSTest" name="validateCreateNewRSSTest" time="0.0">
    <ignored/>
  </testcase> <!-- validateCreateNewRSSTest -->
  <testcase classname="com.truepush.qa.testcases.RSSTest" name="validateAddRSSFeedsDTTTest" time="0.0">
    <ignored/>
  </testcase> <!-- validateAddRSSFeedsDTTTest -->
  <testcase classname="com.truepush.qa.testcases.RSSTest" name="validateActiveRSSfeedsTest" time="0.0">
    <ignored/>
  </testcase> <!-- validateActiveRSSfeedsTest -->
</testsuite>
