<?xml version="1.0" encoding="UTF-8"?>
<!-- Generated by org.testng.reporters.JUnitXMLReporter -->
<testsuite ignored="2" hostname="exe0028" failures="0" tests="1" name="Truepush Templates" time="23.235" errors="0" timestamp="2022-06-27T14:47:32 IST">
  <testcase classname="com.truepush.qa.testcases.TemplateTest" name="validateEditTemplateTest" time="2.971"/>
  <testcase classname="com.truepush.qa.testcases.TemplateTest" name="validateSecondTemplateCreationTest" time="0.0">
    <ignored/>
  </testcase> <!-- validateSecondTemplateCreationTest -->
  <testcase classname="com.truepush.qa.testcases.TemplateTest" name="validateTemplateCreationTest" time="0.0">
    <ignored/>
  </testcase> <!-- validateTemplateCreationTest -->
</testsuite> <!-- Truepush Templates -->
