<?xml version="1.0" encoding="UTF-8"?>
<!-- Generated by org.testng.reporters.JUnitXMLReporter -->
<testsuite ignored="0" hostname="exe0028" failures="0" tests="6" name="Truepush Segments" time="71.81" errors="0" timestamp="2022-04-30T15:14:04 IST">
  <testcase classname="com.truepush.qa.testcases.SegmentsTest" name="validateSegmentCreationTest" time="2.103"/>
  <testcase classname="com.truepush.qa.testcases.SegmentsTest" name="validateSegmentCreationDDTTest" time="1.546"/>
  <testcase classname="com.truepush.qa.testcases.SegmentsTest" name="validateSegmentCreationDDTTest" time="1.229"/>
  <testcase classname="com.truepush.qa.testcases.SegmentsTest" name="validateSegmentCreationDDTTest" time="2.884"/>
  <testcase classname="com.truepush.qa.testcases.SegmentsTest" name="validateSegmentCreationDDTTest" time="1.114"/>
  <testcase classname="com.truepush.qa.testcases.SegmentsTest" name="validateSegmentEditFeatureTest" time="1.115"/>
</testsuite> <!-- Truepush Segments -->
