<?xml version="1.0" encoding="UTF-8"?>
<!-- Generated by org.testng.reporters.JUnitXMLReporter -->
<testsuite ignored="0" hostname="exe0028" failures="0" tests="6" name="Truepush Dashboard" time="43.515" errors="0" timestamp="2022-06-27T14:45:20 IST">
  <testcase classname="com.truepush.qa.testcases.DashboardTest" name="verifyRefreshiconTest" time="0.113"/>
  <testcase classname="com.truepush.qa.testcases.DashboardTest" name="verifyWeeklyStatusTest" time="0.066"/>
  <testcase classname="com.truepush.qa.testcases.DashboardTest" name="verifyallcampaignslinkTest" time="0.075"/>
  <testcase classname="com.truepush.qa.testcases.DashboardTest" name="verifylast2daysstatsTest" time="0.971"/>
  <testcase classname="com.truepush.qa.testcases.DashboardTest" name="verifylast5campaignsTest" time="0.057"/>
  <testcase classname="com.truepush.qa.testcases.DashboardTest" name="verifytotalsummaryTest" time="0.049"/>
</testsuite> <!-- Truepush Dashboard -->
