<?xml version="1.0" encoding="UTF-8"?>
<!-- Generated by org.testng.reporters.JUnitXMLReporter -->
<testsuite ignored="0" hostname="exe0028" failures="0" tests="8" name="Truepush Subscribers" time="88.277" errors="0" timestamp="2022-05-12T14:43:24 IST">
  <testcase classname="com.truepush.qa.testcases.SubscribersTest" name="validateCategoryWiseStatsTest" time="0.251"/>
  <testcase classname="com.truepush.qa.testcases.SubscribersTest" name="validateBrowsersWiseSubscribersTest" time="0.263"/>
  <testcase classname="com.truepush.qa.testcases.SubscribersTest" name="validatePlatformWiseSubscribersTest" time="0.967"/>
  <testcase classname="com.truepush.qa.testcases.SubscribersTest" name="validateCountryWiseSubscribersTest" time="0.274"/>
  <testcase classname="com.truepush.qa.testcases.SubscribersTest" name="validateSubscribersIdTest" time="0.436"/>
  <testcase classname="com.truepush.qa.testcases.SubscribersTest" name="validateSubscribersDateRangeTest" time="0.488"/>
  <testcase classname="com.truepush.qa.testcases.SubscribersTest" name="validateSubscribersStatusTest" time="0.334"/>
  <testcase classname="com.truepush.qa.testcases.SubscribersTest" name="validateTestUsersTest" time="0.182"/>
</testsuite> <!-- Truepush Subscribers -->
