<?xml version="1.0" encoding="UTF-8"?>
<!-- Generated by org.testng.reporters.JUnitXMLReporter -->
<testsuite ignored="3" hostname="exe0028" failures="0" tests="0" time="0.054" errors="0" timestamp="2022-05-12T14:41:32 IST">
  <testcase classname="com.truepush.qa.testcases.SegmentsTest" name="validateSegmentEditFeatureTest" time="0.0">
    <ignored/>
  </testcase> <!-- validateSegmentEditFeatureTest -->
  <testcase classname="com.truepush.qa.testcases.SegmentsTest" name="validateSegmentCreationTest" time="0.0">
    <ignored/>
  </testcase> <!-- validateSegmentCreationTest -->
  <testcase classname="com.truepush.qa.testcases.SegmentsTest" name="validateSegmentCreationDDTTest" time="0.0">
    <ignored/>
  </testcase> <!-- validateSegmentCreationDDTTest -->
</testsuite>
