<?xml version="1.0" encoding="UTF-8"?>
<!-- Generated by org.testng.reporters.JUnitXMLReporter -->
<testsuite ignored="0" hostname="exe0028" failures="1" tests="17" name="Truepush Maininterface" time="117.946" errors="0" timestamp="2022-06-27T14:44:37 IST">
  <testcase classname="com.truepush.qa.testcases.MaininterfaceTest" name="validateCampaignPageLinkTest" time="2.144"/>
  <testcase classname="com.truepush.qa.testcases.MaininterfaceTest" name="validateRSSPageLinkTest" time="0.486"/>
  <testcase classname="com.truepush.qa.testcases.MaininterfaceTest" name="validateSegmentsPageLinkTest" time="0.524"/>
  <testcase classname="com.truepush.qa.testcases.MaininterfaceTest" name="validateTemplatesPageLinkTest" time="0.556"/>
  <testcase classname="com.truepush.qa.testcases.MaininterfaceTest" name="validateTriggersPageLinkTest" time="0.537"/>
  <testcase classname="com.truepush.qa.testcases.MaininterfaceTest" name="valiateSubscribersPageLinkTest" time="0.485"/>
  <testcase classname="com.truepush.qa.testcases.MaininterfaceTest" name="validateCodeIntegrationPageLinkTest" time="0.533"/>
  <testcase classname="com.truepush.qa.testcases.MaininterfaceTest" name="validateSettingsPageLinkTest" time="0.5"/>
  <testcase classname="com.truepush.qa.testcases.MaininterfaceTest" name="validatePricingPageLinkTest" time="0.444"/>
  <testcase classname="com.truepush.qa.testcases.MaininterfaceTest" name="validateProfileiconPageLinkTest" time="2.96"/>
  <testcase classname="com.truepush.qa.testcases.MaininterfaceTest" name="validatePageTitleTest" time="0.032">
    <failure type="java.lang.AssertionError" message="Truepush expected:&amp;lt;Truepush&amp;gt; but was:&amp;lt;dash board page title not matched&amp;gt;">
      <![CDATA[java.lang.AssertionError: Truepush expected:<Truepush> but was:<dash board page title not matched>
at com.truepush.qa.testcases.MaininterfaceTest.validatePageTitleTest(MaininterfaceTest.java:226)
at java.base/java.util.ArrayList.forEach(ArrayList.java:1541)
... Removed 28 stack frames]]>
    </failure>
  </testcase> <!-- validatePageTitleTest -->
  <testcase classname="com.truepush.qa.testcases.MaininterfaceTest" name="validateCampaignButtonTest" time="1.415"/>
  <testcase classname="com.truepush.qa.testcases.MaininterfaceTest" name="validateProfileIconTest" time="2.177"/>
  <testcase classname="com.truepush.qa.testcases.MaininterfaceTest" name="validateDriftChatTest" time="2.503"/>
  <testcase classname="com.truepush.qa.testcases.MaininterfaceTest" name="validateMenuButtonTest" time="0.482"/>
  <testcase classname="com.truepush.qa.testcases.MaininterfaceTest" name="validateSwitchToProjectTest" time="0.604"/>
  <testcase classname="com.truepush.qa.testcases.MaininterfaceTest" name="validateLogoutButtonTest" time="2.184"/>
</testsuite> <!-- Truepush Maininterface -->
