<?xml version="1.0" encoding="UTF-8"?>
<!-- Generated by org.testng.reporters.JUnitXMLReporter -->
<testsuite ignored="0" hostname="exe0028" failures="0" tests="17" name="maininterface" time="90.358" errors="0" timestamp="2022-05-23T14:50:05 IST">
  <testcase classname="com.truepush.qa.testcases.MaininterfaceTest" name="validateCampaignPageLinkTest" time="2.124"/>
  <testcase classname="com.truepush.qa.testcases.MaininterfaceTest" name="validateRSSPageLinkTest" time="1.23"/>
  <testcase classname="com.truepush.qa.testcases.MaininterfaceTest" name="validateSegmentsPageLinkTest" time="0.565"/>
  <testcase classname="com.truepush.qa.testcases.MaininterfaceTest" name="validateTemplatesPageLinkTest" time="0.764"/>
  <testcase classname="com.truepush.qa.testcases.MaininterfaceTest" name="validateTriggersPageLinkTest" time="0.499"/>
  <testcase classname="com.truepush.qa.testcases.MaininterfaceTest" name="valiateSubscribersPageLinkTest" time="1.433"/>
  <testcase classname="com.truepush.qa.testcases.MaininterfaceTest" name="validateCodeIntegrationPageLinkTest" time="0.554"/>
  <testcase classname="com.truepush.qa.testcases.MaininterfaceTest" name="validateSettingsPageLinkTest" time="0.5"/>
  <testcase classname="com.truepush.qa.testcases.MaininterfaceTest" name="validatePricingPageLinkTest" time="0.641"/>
  <testcase classname="com.truepush.qa.testcases.MaininterfaceTest" name="validateProfileiconPageLinkTest" time="2.891"/>
  <testcase classname="com.truepush.qa.testcases.MaininterfaceTest" name="validatePageTitleTest" time="0.017"/>
  <testcase classname="com.truepush.qa.testcases.MaininterfaceTest" name="validateCampaignButtonTest" time="2.359"/>
  <testcase classname="com.truepush.qa.testcases.MaininterfaceTest" name="validateProfileIconTest" time="2.163"/>
  <testcase classname="com.truepush.qa.testcases.MaininterfaceTest" name="validateDriftChatTest" time="2.308"/>
  <testcase classname="com.truepush.qa.testcases.MaininterfaceTest" name="validateMenuButtonTest" time="0.491"/>
  <testcase classname="com.truepush.qa.testcases.MaininterfaceTest" name="validateSwitchToProject" time="0.656"/>
  <testcase classname="com.truepush.qa.testcases.MaininterfaceTest" name="validateLogoutButtonTest" time="2.176"/>
</testsuite> <!-- maininterface -->
