<?xml version="1.0" encoding="UTF-8"?>
<!-- Generated by org.testng.reporters.JUnitXMLReporter -->
<testsuite ignored="1" hostname="exe0028" failures="0" tests="2" name="Truepush Templates" time="11.043" errors="0" timestamp="2022-06-08T15:38:25 IST">
  <testcase classname="com.truepush.qa.testcases.TemplateTest" name="validateTemplateCreationTest" time="1.693"/>
  <testcase classname="com.truepush.qa.testcases.TemplateTest" name="validateTemplateTest" time="1.187"/>
  <testcase classname="com.truepush.qa.testcases.TemplateTest" name="validateEditTemplateTest" time="0.0">
    <ignored/>
  </testcase> <!-- validateEditTemplateTest -->
</testsuite> <!-- Truepush Templates -->
