<?xml version="1.0" encoding="UTF-8"?>
<!-- Generated by org.testng.reporters.JUnitXMLReporter -->
<testsuite ignored="1" hostname="exe0028" failures="0" tests="7" name="Truepush Campaigns" time="141.003" errors="0" timestamp="2022-06-08T15:35:44 IST">
  <testcase classname="com.truepush.qa.testcases.CampaignpageTest" name="validateCampaignPage" time="0.969"/>
  <testcase classname="com.truepush.qa.testcases.CampaignpageTest" name="validateCampaignPage" time="0.967"/>
  <testcase classname="com.truepush.qa.testcases.CampaignpageTest" name="validateCampaignPage" time="0.942"/>
  <testcase classname="com.truepush.qa.testcases.CampaignpageTest" name="validateCampaignPage" time="0.745"/>
  <testcase classname="com.truepush.qa.testcases.CampaignpageTest" name="validateCampaignPage" time="1.213"/>
  <testcase classname="com.truepush.qa.testcases.CampaignpageTest" name="validateCampaignTest" time="2.868"/>
  <testcase classname="com.truepush.qa.testcases.CampaignpageTest" name="validateTruepushLogoTest" time="0.061"/>
  <testcase classname="com.truepush.qa.testcases.CampaignpageTest" name="validateAdvanceCampaignTest" time="0.0">
    <ignored/>
  </testcase> <!-- validateAdvanceCampaignTest -->
</testsuite> <!-- Truepush Campaigns -->
