<?xml version="1.0" encoding="UTF-8"?>
<!-- Generated by org.testng.reporters.JUnitXMLReporter -->
<testsuite ignored="1" hostname="exe0028" failures="0" tests="16" name="Truepush RSS to Push" time="107.077" errors="0" timestamp="2022-06-08T15:37:32 IST">
  <testcase classname="com.truepush.qa.testcases.RSSTest" name="createNewRSSTest" time="1.651"/>
  <testcase classname="com.truepush.qa.testcases.RSSTest" name="addNewRSSFeedTest" time="0.806"/>
  <testcase classname="com.truepush.qa.testcases.RSSTest" name="addNewRSSFeedTest" time="0.772"/>
  <testcase classname="com.truepush.qa.testcases.RSSTest" name="addNewRSSFeedTest" time="2.418"/>
  <testcase classname="com.truepush.qa.testcases.RSSTest" name="addNewRSSFeedTest" time="0.958"/>
  <testcase classname="com.truepush.qa.testcases.RSSTest" name="addNewRSSFeedTest" time="0.721"/>
  <testcase classname="com.truepush.qa.testcases.RSSTest" name="addNewRSSFeedTest" time="1.496"/>
  <testcase classname="com.truepush.qa.testcases.RSSTest" name="addNewRSSFeedTest" time="0.834"/>
  <testcase classname="com.truepush.qa.testcases.RSSTest" name="addNewRSSFeedTest" time="0.764"/>
  <testcase classname="com.truepush.qa.testcases.RSSTest" name="addNewRSSFeedTest" time="0.967"/>
  <testcase classname="com.truepush.qa.testcases.RSSTest" name="addNewRSSFeedTest" time="0.744"/>
  <testcase classname="com.truepush.qa.testcases.RSSTest" name="addNewRSSFeedTest" time="0.795"/>
  <testcase classname="com.truepush.qa.testcases.RSSTest" name="addNewRSSFeedTest" time="1.344"/>
  <testcase classname="com.truepush.qa.testcases.RSSTest" name="addNewRSSFeedTest" time="0.75"/>
  <testcase classname="com.truepush.qa.testcases.RSSTest" name="addNewRSSFeedTest" time="0.728"/>
  <testcase classname="com.truepush.qa.testcases.RSSTest" name="addNewRSSFeedTest" time="0.765"/>
  <testcase classname="com.truepush.qa.testcases.RSSTest" name="validateRSSfeedsTest" time="0.0">
    <ignored/>
  </testcase> <!-- validateRSSfeedsTest -->
</testsuite> <!-- Truepush RSS to Push -->
