<?xml version="1.0" encoding="UTF-8"?>
<!-- Generated by org.testng.reporters.JUnitXMLReporter -->
<testsuite ignored="1" hostname="exe0028" failures="0" tests="5" name="Truepush Triggers" time="32.811" errors="0" timestamp="2022-06-08T15:38:57 IST">
  <testcase classname="com.truepush.qa.testcases.TriggerTest" name="createTriggerTest" time="1.755"/>
  <testcase classname="com.truepush.qa.testcases.TriggerTest" name="createTriggerDDTTest" time="1.662"/>
  <testcase classname="com.truepush.qa.testcases.TriggerTest" name="createTriggerDDTTest" time="1.448"/>
  <testcase classname="com.truepush.qa.testcases.TriggerTest" name="createTriggerDDTTest" time="1.529"/>
  <testcase classname="com.truepush.qa.testcases.TriggerTest" name="createTriggerDDTTest" time="1.573"/>
  <testcase classname="com.truepush.qa.testcases.TriggerTest" name="editTriggerTest" time="0.0">
    <ignored/>
  </testcase> <!-- editTriggerTest -->
</testsuite> <!-- Truepush Triggers -->
