<?xml version="1.0" encoding="UTF-8"?>
<testng-results ignored="0" total="2" passed="2" failed="0" skipped="0">
  <reporter-output>
  </reporter-output>
  <suite started-at="2022-04-05T16:30:27 IST" name="Default suite" finished-at="2022-04-05T16:30:40 IST" duration-ms="12827">
    <groups>
    </groups>
    <test started-at="2022-04-05T16:30:27 IST" name="Default test" finished-at="2022-04-05T16:30:40 IST" duration-ms="12827">
      <class name="com.truepush.qa.testcases.TemplateTest">
        <test-method is-config="true" signature="setup()[pri:0, instance:com.truepush.qa.testcases.TemplateTest@56de5251]" started-at="2022-04-05T16:30:27 IST" name="setup" finished-at="2022-04-05T16:30:32 IST" duration-ms="5263" status="PASS">
          <reporter-output>
          </reporter-output>
        </test-method> <!-- setup -->
        <test-method signature="validateTemplateCreationTest()[pri:1, instance:com.truepush.qa.testcases.TemplateTest@56de5251]" started-at="2022-04-05T16:30:32 IST" name="validateTemplateCreationTest" finished-at="2022-04-05T16:30:34 IST" duration-ms="1418" status="PASS">
          <reporter-output>
          </reporter-output>
        </test-method> <!-- validateTemplateCreationTest -->
        <test-method is-config="true" signature="teardown()[pri:0, instance:com.truepush.qa.testcases.TemplateTest@56de5251]" started-at="2022-04-05T16:30:34 IST" name="teardown" finished-at="2022-04-05T16:30:34 IST" duration-ms="85" status="PASS">
          <reporter-output>
          </reporter-output>
        </test-method> <!-- teardown -->
        <test-method is-config="true" signature="setup()[pri:0, instance:com.truepush.qa.testcases.TemplateTest@56de5251]" started-at="2022-04-05T16:30:34 IST" name="setup" finished-at="2022-04-05T16:30:38 IST" duration-ms="4484" status="PASS">
          <reporter-output>
          </reporter-output>
        </test-method> <!-- setup -->
        <test-method signature="validateTemplate2Test()[pri:2, instance:com.truepush.qa.testcases.TemplateTest@56de5251]" started-at="2022-04-05T16:30:38 IST" name="validateTemplate2Test" finished-at="2022-04-05T16:30:40 IST" duration-ms="1352" status="PASS">
          <reporter-output>
          </reporter-output>
        </test-method> <!-- validateTemplate2Test -->
        <test-method is-config="true" signature="teardown()[pri:0, instance:com.truepush.qa.testcases.TemplateTest@56de5251]" started-at="2022-04-05T16:30:40 IST" name="teardown" finished-at="2022-04-05T16:30:40 IST" duration-ms="170" status="PASS">
          <reporter-output>
          </reporter-output>
        </test-method> <!-- teardown -->
      </class> <!-- com.truepush.qa.testcases.TemplateTest -->
    </test> <!-- Default test -->
  </suite> <!-- Default suite -->
</testng-results>
